[ERROR]   PREFIX 2018/1/8 17:45:36 thelark.cn\golang.ext\log\log_test.go:155 > error info ~
[ERROR]   PREFIX 2018/1/8 17:45:36 thelark.cn\golang.ext\log\log_test.go:179 > errorf info ~
[ERROR]   PREFIX 2018/1/8 17:45:36 thelark.cn\golang.ext\log\log_test.go:204 > errorln info ~
[WARN]    PREFIX 2018/1/8 17:45:36 thelark.cn\golang.ext\log\log_test.go:230 > warn info ~
[WARN]    PREFIX 2018/1/8 17:45:36 thelark.cn\golang.ext\log\log_test.go:255 > warnf info ~
[WARN]    PREFIX 2018/1/8 17:45:36 thelark.cn\golang.ext\log\log_test.go:280 > warnln info ~
[INFO]    PREFIX 2018/1/8 17:45:36 thelark.cn\golang.ext\log\log_test.go:306 > info info ~
[INFO]    PREFIX 2018/1/8 17:45:36 thelark.cn\golang.ext\log\log_test.go:331 > infof info ~
[INFO]    PREFIX 2018/1/8 17:45:36 thelark.cn\golang.ext\log\log_test.go:356 > infoln info ~
[DEBUG]   PREFIX 2018/1/8 17:45:36 thelark.cn\golang.ext\log\log_test.go:382 > debug info ~
[DEBUG]   PREFIX 2018/1/8 17:45:36 thelark.cn\golang.ext\log\log_test.go:407 > debugf info ~
[DEBUG]   PREFIX 2018/1/8 17:45:36 thelark.cn\golang.ext\log\log_test.go:432 > debugln info ~
[ALL]     PREFIX 2018/1/8 17:45:36 thelark.cn\golang.ext\log\log_test.go:458 > print info ~
[ALL]     PREFIX 2018/1/8 17:45:36 thelark.cn\golang.ext\log\log_test.go:483 > printf info ~
[ALL]     PREFIX 2018/1/8 17:45:36 thelark.cn\golang.ext\log\log_test.go:508 > println info ~
[ERROR]   PREFIX 2018/1/8 17:47:1 thelark.cn\golang.ext\log\log_test.go:155 > error info ~
[ERROR]   PREFIX 2018/1/8 17:47:1 thelark.cn\golang.ext\log\log_test.go:179 > errorf info ~
[ERROR]   PREFIX 2018/1/8 17:47:1 thelark.cn\golang.ext\log\log_test.go:204 > errorln info ~
[WARN]    PREFIX 2018/1/8 17:47:1 thelark.cn\golang.ext\log\log_test.go:230 > warn info ~
[WARN]    PREFIX 2018/1/8 17:47:1 thelark.cn\golang.ext\log\log_test.go:255 > warnf info ~
[WARN]    PREFIX 2018/1/8 17:47:1 thelark.cn\golang.ext\log\log_test.go:280 > warnln info ~
[INFO]    PREFIX 2018/1/8 17:47:1 thelark.cn\golang.ext\log\log_test.go:306 > info info ~
[INFO]    PREFIX 2018/1/8 17:47:1 thelark.cn\golang.ext\log\log_test.go:331 > infof info ~
[INFO]    PREFIX 2018/1/8 17:47:1 thelark.cn\golang.ext\log\log_test.go:356 > infoln info ~
[DEBUG]   PREFIX 2018/1/8 17:47:1 thelark.cn\golang.ext\log\log_test.go:382 > debug info ~
[DEBUG]   PREFIX 2018/1/8 17:47:1 thelark.cn\golang.ext\log\log_test.go:407 > debugf info ~
[DEBUG]   PREFIX 2018/1/8 17:47:1 thelark.cn\golang.ext\log\log_test.go:432 > debugln info ~
[ALL]     PREFIX 2018/1/8 17:47:1 thelark.cn\golang.ext\log\log_test.go:458 > print info ~
[ALL]     PREFIX 2018/1/8 17:47:1 thelark.cn\golang.ext\log\log_test.go:483 > printf info ~
[ALL]     PREFIX 2018/1/8 17:47:1 thelark.cn\golang.ext\log\log_test.go:508 > println info ~
